<html>
<head>
<title>TestNG:  Surefire test</title>
<link href="../testng.css" rel="stylesheet" type="text/css" />
<link href="../my-testng.css" rel="stylesheet" type="text/css" />

<style type="text/css">
.log { display: none;} 
.stack-trace { display: none;} 
</style>
<script type="text/javascript">
<!--
function flip(e) {
  current = e.style.display;
  if (current == 'block') {
    e.style.display = 'none';
    return 0;
  }
  else {
    e.style.display = 'block';
    return 1;
  }
}

function toggleBox(szDivId, elem, msg1, msg2)
{
  var res = -1;  if (document.getElementById) {
    res = flip(document.getElementById(szDivId));
  }
  else if (document.all) {
    // this is the way old msie versions work
    res = flip(document.all[szDivId]);
  }
  if(elem) {
    if(res == 0) elem.innerHTML = msg1; else elem.innerHTML = msg2;
  }

}

function toggleAllBoxes() {
  if (document.getElementsByTagName) {
    d = document.getElementsByTagName('div');
    for (i = 0; i < d.length; i++) {
      if (d[i].className == 'log') {
        flip(d[i]);
      }
    }
  }
}

// -->
</script>

</head>
<body>
<h2 align='center'>Surefire test</h2><table border='1' align="center">
<tr>
<td>Tests passed/Failed/Skipped:</td><td>30/3/0</td>
</tr><tr>
<td>Started on:</td><td>Fri Mar 21 14:01:50 IST 2025</td>
</tr>
<tr><td>Total time:</td><td>146 seconds (146022 ms)</td>
</tr><tr>
<td>Included groups:</td><td></td>
</tr><tr>
<td>Excluded groups:</td><td></td>
</tr>
</table><p/>
<small><i>(Hover the method name to see the test class name)</i></small><p/>
<table width='100%' border='1' class='invocation-failed'>
<tr><td colspan='4' align='center'><b>FAILED TESTS</b></td></tr>
<tr><td><b>Test method</b></td>
<td><b>Attribute(s)</b></td>
<td width="30%"><b>Exception</b></td>
<td width="10%"><b>Time (seconds)</b></td>
<td><b>Instance</b></td>
</tr>
<tr>
<td title='Runner.TestRunner.runScenario()'><b>runScenario</b><br>Test class: Runner.TestRunner<br>Test method: Runs Cucumber Scenarios<br>Parameters: "Successful Registration with valid credentials", "User Registration and Login"</td>
<td><div><pre>java.lang.AssertionError: Registration page is not displayed expected [true] but found [false]
	at stepDefinations.RegistratioSteps.the_registration_page_is_displayed_on_the_screen(RegistratioSteps.java:41)
	at ✽.the registration page is displayed on the screen(file:///C:/Users/ADITYA/eclipse-workspace/Capstone_Project/./src/test/resources/features/RegistrationAndLogin.feature:12)
... Removed 3 stack frames</pre></div><a href='#' onClick='toggleBox("stack-trace1444776174", this, "Click to show all stack frames", "Click to hide stack frames")'>Click to show all stack frames</a>
<div class='stack-trace' id='stack-trace1444776174'><pre>java.lang.AssertionError: Registration page is not displayed expected [true] but found [false]
	at org.testng.Assert.fail(Assert.java:111)
	at org.testng.Assert.failNotEquals(Assert.java:1578)
	at org.testng.Assert.assertTrue(Assert.java:57)
	at stepDefinations.RegistratioSteps.the_registration_page_is_displayed_on_the_screen(RegistratioSteps.java:41)
	at ✽.the registration page is displayed on the screen(file:///C:/Users/ADITYA/eclipse-workspace/Capstone_Project/./src/test/resources/features/RegistrationAndLogin.feature:12)
</pre></div></td>
<td>5</td>
<td>Runner.TestRunner@609e8838</td></tr>
<tr>
<td title='Runner.TestRunner.runScenario()'><b>runScenario</b><br>Test class: Runner.TestRunner<br>Test method: Runs Cucumber Scenarios<br>Parameters: "Successful Login with valid credentials", "User Registration and Login"</td>
<td><div><pre>java.lang.AssertionError: expected [true] but found [false]
	at stepDefinations.LoginSteps.the_user_is_redirected_to_the_My_Courses_page(LoginSteps.java:36)
	at ✽.the user is redirected to the My Courses page(file:///C:/Users/ADITYA/eclipse-workspace/Capstone_Project/./src/test/resources/features/RegistrationAndLogin.feature:28)
... Removed 4 stack frames</pre></div><a href='#' onClick='toggleBox("stack-trace1469597388", this, "Click to show all stack frames", "Click to hide stack frames")'>Click to show all stack frames</a>
<div class='stack-trace' id='stack-trace1469597388'><pre>java.lang.AssertionError: expected [true] but found [false]
	at org.testng.Assert.fail(Assert.java:111)
	at org.testng.Assert.failNotEquals(Assert.java:1578)
	at org.testng.Assert.assertTrue(Assert.java:57)
	at org.testng.Assert.assertTrue(Assert.java:67)
	at stepDefinations.LoginSteps.the_user_is_redirected_to_the_My_Courses_page(LoginSteps.java:36)
	at ✽.the user is redirected to the My Courses page(file:///C:/Users/ADITYA/eclipse-workspace/Capstone_Project/./src/test/resources/features/RegistrationAndLogin.feature:28)
</pre></div></td>
<td>14</td>
<td>Runner.TestRunner@609e8838</td></tr>
<tr>
<td title='Runner.TestRunner.runScenario()'><b>runScenario</b><br>Test class: Runner.TestRunner<br>Test method: Runs Cucumber Scenarios<br>Parameters: "User filters courses by category field", "Search and Filter Course"</td>
<td><div><pre>org.openqa.selenium.StaleElementReferenceException: stale element reference: stale element not found
  (Session info: chrome=134.0.6998.89)
For documentation on this error, please visit: https://www.selenium.dev/documentation/webdriver/troubleshooting/errors#stale-element-reference-exception
Build info: version: &apos;4.19.1&apos;, revision: &apos;abe0ee07dc&apos;
System info: os.name: &apos;Windows 11&apos;, os.arch: &apos;amd64&apos;, os.version: &apos;10.0&apos;, java.version: &apos;23.0.1&apos;
Driver info: org.openqa.selenium.chrome.ChromeDriver
Command: [81ab2c5523747bd871553f9472bffcfe, clickElement {id=f.E3770F255B124B8AA3CB9A1C8267A7B2.d.894D13D2D76C574D011323989E5D05AD.e.86}]
Capabilities {acceptInsecureCerts: false, browserName: chrome, browserVersion: 134.0.6998.89, chrome: {chromedriverVersion: 134.0.6998.90 (219ee74681fc..., userDataDir: C:\Users\ADITYA\AppData\Loc...}, fedcm:accounts: true, goog:chromeOptions: {debuggerAddress: localhost:64699}, networkConnectionEnabled: false, pageLoadStrategy: normal, platformName: windows, proxy: Proxy(), se:cdp: ws://localhost:64699/devtoo..., se:cdpVersion: 134.0.6998.89, setWindowRect: true, strictFileInteractability: false, timeouts: {implicit: 0, pageLoad: 300000, script: 30000}, unhandledPromptBehavior: dismiss and notify, webauthn:extension:credBlob: true, webauthn:extension:largeBlob: true, webauthn:extension:minPinLength: true, webauthn:extension:prf: true, webauthn:virtualAuthenticators: true}
Element: [[ChromeDriver: chrome on windows (81ab2c5523747bd871553f9472bffcfe)] -&gt; xpath: //button[@type=&apos;submit&apos;]]
Session ID: 81ab2c5523747bd871553f9472bffcfe
	at org.openqa.selenium.remote.ErrorCodec.decode(ErrorCodec.java:167)
	at org.openqa.selenium.remote.codec.w3c.W3CHttpResponseCodec.decode(W3CHttpResponseCodec.java:138)
	at org.openqa.selenium.remote.codec.w3c.W3CHttpResponseCodec.decode(W3CHttpResponseCodec.java:50)
	at org.openqa.selenium.remote.HttpCommandExecutor.execute(HttpCommandExecutor.java:190)
	at org.openqa.selenium.remote.service.DriverCommandExecutor.invokeExecute(DriverCommandExecutor.java:216)
	at org.openqa.selenium.remote.service.DriverCommandExecutor.execute(DriverCommandExecutor.java:174)
	at org.openqa.selenium.remote.RemoteWebDriver.execute(RemoteWebDriver.java:518)
	at org.openqa.selenium.remote.RemoteWebElement.execute(RemoteWebElement.java:223)
	at org.openqa.selenium.remote.RemoteWebElement.click(RemoteWebElement.java:76)
	at pages.AllCoursesPage.clickOnsearchButton(AllCoursesPage.java:68)
	at stepDefinations.AllCoursesStepDef.clicks_on_the_search_button(AllCoursesStepDef.java:31)
	at ✽.clicks on the search button(file:///C:/Users/ADITYA/eclipse-workspace/Capstone_Project/./src/test/resources/features/ALLCourses.feature:8)
... Removed 3 stack frames</pre></div><a href='#' onClick='toggleBox("stack-trace823775087", this, "Click to show all stack frames", "Click to hide stack frames")'>Click to show all stack frames</a>
<div class='stack-trace' id='stack-trace823775087'><pre>org.openqa.selenium.StaleElementReferenceException: stale element reference: stale element not found
  (Session info: chrome=134.0.6998.89)
For documentation on this error, please visit: https://www.selenium.dev/documentation/webdriver/troubleshooting/errors#stale-element-reference-exception
Build info: version: &apos;4.19.1&apos;, revision: &apos;abe0ee07dc&apos;
System info: os.name: &apos;Windows 11&apos;, os.arch: &apos;amd64&apos;, os.version: &apos;10.0&apos;, java.version: &apos;23.0.1&apos;
Driver info: org.openqa.selenium.chrome.ChromeDriver
Command: [81ab2c5523747bd871553f9472bffcfe, clickElement {id=f.E3770F255B124B8AA3CB9A1C8267A7B2.d.894D13D2D76C574D011323989E5D05AD.e.86}]
Capabilities {acceptInsecureCerts: false, browserName: chrome, browserVersion: 134.0.6998.89, chrome: {chromedriverVersion: 134.0.6998.90 (219ee74681fc..., userDataDir: C:\Users\ADITYA\AppData\Loc...}, fedcm:accounts: true, goog:chromeOptions: {debuggerAddress: localhost:64699}, networkConnectionEnabled: false, pageLoadStrategy: normal, platformName: windows, proxy: Proxy(), se:cdp: ws://localhost:64699/devtoo..., se:cdpVersion: 134.0.6998.89, setWindowRect: true, strictFileInteractability: false, timeouts: {implicit: 0, pageLoad: 300000, script: 30000}, unhandledPromptBehavior: dismiss and notify, webauthn:extension:credBlob: true, webauthn:extension:largeBlob: true, webauthn:extension:minPinLength: true, webauthn:extension:prf: true, webauthn:virtualAuthenticators: true}
Element: [[ChromeDriver: chrome on windows (81ab2c5523747bd871553f9472bffcfe)] -&gt; xpath: //button[@type=&apos;submit&apos;]]
Session ID: 81ab2c5523747bd871553f9472bffcfe
	at java.base/jdk.internal.reflect.DirectConstructorHandleAccessor.newInstance(DirectConstructorHandleAccessor.java:62)
	at java.base/java.lang.reflect.Constructor.newInstanceWithCaller(Constructor.java:501)
	at java.base/java.lang.reflect.Constructor.newInstance(Constructor.java:485)
	at org.openqa.selenium.remote.ErrorCodec.decode(ErrorCodec.java:167)
	at org.openqa.selenium.remote.codec.w3c.W3CHttpResponseCodec.decode(W3CHttpResponseCodec.java:138)
	at org.openqa.selenium.remote.codec.w3c.W3CHttpResponseCodec.decode(W3CHttpResponseCodec.java:50)
	at org.openqa.selenium.remote.HttpCommandExecutor.execute(HttpCommandExecutor.java:190)
	at org.openqa.selenium.remote.service.DriverCommandExecutor.invokeExecute(DriverCommandExecutor.java:216)
	at org.openqa.selenium.remote.service.DriverCommandExecutor.execute(DriverCommandExecutor.java:174)
	at org.openqa.selenium.remote.RemoteWebDriver.execute(RemoteWebDriver.java:518)
	at org.openqa.selenium.remote.RemoteWebElement.execute(RemoteWebElement.java:223)
	at org.openqa.selenium.remote.RemoteWebElement.click(RemoteWebElement.java:76)
	at pages.AllCoursesPage.clickOnsearchButton(AllCoursesPage.java:68)
	at stepDefinations.AllCoursesStepDef.clicks_on_the_search_button(AllCoursesStepDef.java:31)
	at ✽.clicks on the search button(file:///C:/Users/ADITYA/eclipse-workspace/Capstone_Project/./src/test/resources/features/ALLCourses.feature:8)
</pre></div></td>
<td>14</td>
<td>Runner.TestRunner@609e8838</td></tr>
</table><p>
<table width='100%' border='1' class='invocation-passed'>
<tr><td colspan='4' align='center'><b>PASSED TESTS</b></td></tr>
<tr><td><b>Test method</b></td>
<td><b>Attribute(s)</b></td>
<td width="30%"><b>Exception</b></td>
<td width="10%"><b>Time (seconds)</b></td>
<td><b>Instance</b></td>
</tr>
<tr>
<td title='Runner.TestRunner.runScenario()'><b>runScenario</b><br>Test class: Runner.TestRunner<br>Test method: Runs Cucumber Scenarios<br>Parameters: "User filters courses by category field", "Search and Filter Course"</td>
<td></td>
<td>5</td>
<td>Runner.TestRunner@609e8838</td></tr>
<tr>
<td title='Runner.TestRunner.runScenario()'><b>runScenario</b><br>Test class: Runner.TestRunner<br>Test method: Runs Cucumber Scenarios<br>Parameters: "Verify user can Disable and Enable the input field", "Automate LetsKodeIt Practice Page"</td>
<td></td>
<td>2</td>
<td>Runner.TestRunner@609e8838</td></tr>
<tr>
<td title='Runner.TestRunner.runScenario()'><b>runScenario</b><br>Test class: Runner.TestRunner<br>Test method: Runs Cucumber Scenarios<br>Parameters: "Verify user can hide and show the input field", "Automate LetsKodeIt Practice Page"</td>
<td></td>
<td>2</td>
<td>Runner.TestRunner@609e8838</td></tr>
<tr>
<td title='Runner.TestRunner.runScenario()'><b>runScenario</b><br>Test class: Runner.TestRunner<br>Test method: Runs Cucumber Scenarios<br>Parameters: "Verify user can select multiple options from the Multipleselectoption", "Automate LetsKodeIt Practice Page"</td>
<td></td>
<td>2</td>
<td>Runner.TestRunner@609e8838</td></tr>
<tr>
<td title='Runner.TestRunner.runScenario()'><b>runScenario</b><br>Test class: Runner.TestRunner<br>Test method: Runs Cucumber Scenarios<br>Parameters: "Verify user can check and uncheck checkboxes", "Automate LetsKodeIt Practice Page"</td>
<td></td>
<td>2</td>
<td>Runner.TestRunner@609e8838</td></tr>
<tr>
<td title='Runner.TestRunner.runScenario()'><b>runScenario</b><br>Test class: Runner.TestRunner<br>Test method: Runs Cucumber Scenarios<br>Parameters: "Verify user can select from the dropdown menu", "Automate LetsKodeIt Practice Page"</td>
<td></td>
<td>2</td>
<td>Runner.TestRunner@609e8838</td></tr>
<tr>
<td title='Runner.TestRunner.runScenario()'><b>runScenario</b><br>Test class: Runner.TestRunner<br>Test method: Runs Cucumber Scenarios<br>Parameters: "Verify user can open a new window and switch back", "Automate LetsKodeIt Practice Page"</td>
<td></td>
<td>2</td>
<td>Runner.TestRunner@609e8838</td></tr>
<tr>
<td title='Runner.TestRunner.runScenario()'><b>runScenario</b><br>Test class: Runner.TestRunner<br>Test method: Runs Cucumber Scenarios<br>Parameters: "User filters courses by category and searches for a course", "Search and Filter Course"</td>
<td></td>
<td>4</td>
<td>Runner.TestRunner@609e8838</td></tr>
<tr>
<td title='Runner.TestRunner.runScenario()'><b>runScenario</b><br>Test class: Runner.TestRunner<br>Test method: Runs Cucumber Scenarios<br>Parameters: "User searches courses by Search Course filed", "Search and Filter Course"</td>
<td></td>
<td>2</td>
<td>Runner.TestRunner@609e8838</td></tr>
<tr>
<td title='Runner.TestRunner.runScenario()'><b>runScenario</b><br>Test class: Runner.TestRunner<br>Test method: Runs Cucumber Scenarios<br>Parameters: "Verify Alert and Confirm popups", "Automate LetsKodeIt Practice Page"</td>
<td></td>
<td>2</td>
<td>Runner.TestRunner@609e8838</td></tr>
<tr>
<td title='Runner.TestRunner.runScenario()'><b>runScenario</b><br>Test class: Runner.TestRunner<br>Test method: Runs Cucumber Scenarios<br>Parameters: "Verify user can select different radio buttons", "Automate LetsKodeIt Practice Page"</td>
<td></td>
<td>2</td>
<td>Runner.TestRunner@609e8838</td></tr>
<tr>
<td title='Runner.TestRunner.runScenario()'><b>runScenario</b><br>Test class: Runner.TestRunner<br>Test method: Runs Cucumber Scenarios<br>Parameters: "Verify user can select from the dropdown menu", "Automate LetsKodeIt Practice Page"</td>
<td></td>
<td>2</td>
<td>Runner.TestRunner@609e8838</td></tr>
<tr>
<td title='Runner.TestRunner.runScenario()'><b>runScenario</b><br>Test class: Runner.TestRunner<br>Test method: Runs Cucumber Scenarios<br>Parameters: "Verify user can check and uncheck checkboxes", "Automate LetsKodeIt Practice Page"</td>
<td></td>
<td>2</td>
<td>Runner.TestRunner@609e8838</td></tr>
<tr>
<td title='Runner.TestRunner.runScenario()'><b>runScenario</b><br>Test class: Runner.TestRunner<br>Test method: Runs Cucumber Scenarios<br>Parameters: "User searches courses by Search Course filed", "Search and Filter Course"</td>
<td></td>
<td>3</td>
<td>Runner.TestRunner@609e8838</td></tr>
<tr>
<td title='Runner.TestRunner.runScenario()'><b>runScenario</b><br>Test class: Runner.TestRunner<br>Test method: Runs Cucumber Scenarios<br>Parameters: "Verify Auto Suggest functionality", "Automate LetsKodeIt Practice Page"</td>
<td></td>
<td>2</td>
<td>Runner.TestRunner@609e8838</td></tr>
<tr>
<td title='Runner.TestRunner.runScenario()'><b>runScenario</b><br>Test class: Runner.TestRunner<br>Test method: Runs Cucumber Scenarios<br>Parameters: "Verify user can open a new tab and switch back", "Automate LetsKodeIt Practice Page"</td>
<td></td>
<td>2</td>
<td>Runner.TestRunner@609e8838</td></tr>
<tr>
<td title='Runner.TestRunner.runScenario()'><b>runScenario</b><br>Test class: Runner.TestRunner<br>Test method: Runs Cucumber Scenarios<br>Parameters: "Validate iframe and section elements", "Automate LetsKodeIt Practice Page"</td>
<td></td>
<td>2</td>
<td>Runner.TestRunner@609e8838</td></tr>
<tr>
<td title='Runner.TestRunner.runScenario()'><b>runScenario</b><br>Test class: Runner.TestRunner<br>Test method: Runs Cucumber Scenarios<br>Parameters: "User filters courses by category field", "Search and Filter Course"</td>
<td></td>
<td>4</td>
<td>Runner.TestRunner@609e8838</td></tr>
<tr>
<td title='Runner.TestRunner.runScenario()'><b>runScenario</b><br>Test class: Runner.TestRunner<br>Test method: Runs Cucumber Scenarios<br>Parameters: "Verify user can select different radio buttons", "Automate LetsKodeIt Practice Page"</td>
<td></td>
<td>2</td>
<td>Runner.TestRunner@609e8838</td></tr>
<tr>
<td title='Runner.TestRunner.runScenario()'><b>runScenario</b><br>Test class: Runner.TestRunner<br>Test method: Runs Cucumber Scenarios<br>Parameters: "Verify Web Table Data", "Automate LetsKodeIt Practice Page"</td>
<td></td>
<td>2</td>
<td>Runner.TestRunner@609e8838</td></tr>
<tr>
<td title='Runner.TestRunner.runScenario()'><b>runScenario</b><br>Test class: Runner.TestRunner<br>Test method: Runs Cucumber Scenarios<br>Parameters: "Verify user can check and uncheck checkboxes", "Automate LetsKodeIt Practice Page"</td>
<td></td>
<td>2</td>
<td>Runner.TestRunner@609e8838</td></tr>
<tr>
<td title='Runner.TestRunner.runScenario()'><b>runScenario</b><br>Test class: Runner.TestRunner<br>Test method: Runs Cucumber Scenarios<br>Parameters: "User searches courses by Search Course filed", "Search and Filter Course"</td>
<td></td>
<td>3</td>
<td>Runner.TestRunner@609e8838</td></tr>
<tr>
<td title='Runner.TestRunner.runScenario()'><b>runScenario</b><br>Test class: Runner.TestRunner<br>Test method: Runs Cucumber Scenarios<br>Parameters: "User filters courses by category and searches for a course", "Search and Filter Course"</td>
<td></td>
<td>5</td>
<td>Runner.TestRunner@609e8838</td></tr>
<tr>
<td title='Runner.TestRunner.runScenario()'><b>runScenario</b><br>Test class: Runner.TestRunner<br>Test method: Runs Cucumber Scenarios<br>Parameters: "Verify Mouse Hover functionality", "Automate LetsKodeIt Practice Page"</td>
<td></td>
<td>6</td>
<td>Runner.TestRunner@609e8838</td></tr>
<tr>
<td title='Runner.TestRunner.runScenario()'><b>runScenario</b><br>Test class: Runner.TestRunner<br>Test method: Runs Cucumber Scenarios<br>Parameters: "User filters courses by category and searches for a course", "Search and Filter Course"</td>
<td></td>
<td>6</td>
<td>Runner.TestRunner@609e8838</td></tr>
<tr>
<td title='Runner.TestRunner.runScenario()'><b>runScenario</b><br>Test class: Runner.TestRunner<br>Test method: Runs Cucumber Scenarios<br>Parameters: "Login with Invalid credentials", "User Registration and Login"</td>
<td></td>
<td>6</td>
<td>Runner.TestRunner@609e8838</td></tr>
<tr>
<td title='Runner.TestRunner.runScenario()'><b>runScenario</b><br>Test class: Runner.TestRunner<br>Test method: Runs Cucumber Scenarios<br>Parameters: "Verify user can select from the dropdown menu", "Automate LetsKodeIt Practice Page"</td>
<td></td>
<td>2</td>
<td>Runner.TestRunner@609e8838</td></tr>
<tr>
<td title='Runner.TestRunner.runScenario()'><b>runScenario</b><br>Test class: Runner.TestRunner<br>Test method: Runs Cucumber Scenarios<br>Parameters: "Add a product to the cart and proceed to checkout", "Shopping Cart Functionality"</td>
<td></td>
<td>11</td>
<td>Runner.TestRunner@609e8838</td></tr>
<tr>
<td title='Runner.TestRunner.runScenario()'><b>runScenario</b><br>Test class: Runner.TestRunner<br>Test method: Runs Cucumber Scenarios<br>Parameters: "Verify the title and major sections of the Home Page", "Home Page Verification"</td>
<td></td>
<td>5</td>
<td>Runner.TestRunner@609e8838</td></tr>
<tr>
<td title='Runner.TestRunner.runScenario()'><b>runScenario</b><br>Test class: Runner.TestRunner<br>Test method: Runs Cucumber Scenarios<br>Parameters: "Verify user can select different radio buttons", "Automate LetsKodeIt Practice Page"</td>
<td></td>
<td>2</td>
<td>Runner.TestRunner@609e8838</td></tr>
</table><p>
</body>
</html>