{"uuid":"278caee5-9f7f-4fb8-b11b-8ac758420781","historyId":"682f98a5c99f25cff654a036cf34b99b","testCaseId":"8bc9332d72f8c7da28efe822ab5574a8","fullName":"./src/test/resources/features/Shopping.feature:15","labels":[{"name":"tag","value":"shoppingpage"},{"name":"host","value":"DESKTOP-PKBVHAB"},{"name":"thread","value":"7564@DESKTOP-PKBVHAB.main(1)"},{"name":"feature","value":"Shopping Cart Functionality"},{"name":"story","value":"Proceed to checkout"},{"name":"suite","value":"Shopping Cart Functionality"},{"name":"testClass","value":"Proceed to checkout"},{"name":"framework","value":"cucumber4jvm"},{"name":"language","value":"java"},{"name":"gherkin_uri","value":"file:///C:/Users/ADITYA/eclipse-workspace/Capstone_Project/./src/test/resources/features/Shopping.feature"},{"name":"package","value":"src.test.resources.features.Shopping_feature.Shopping Cart Functionality"}],"links":[],"name":"Proceed to checkout","status":"failed","statusDetails":{"known":false,"muted":false,"flaky":false,"message":"Cart is empty, cannot proceed to checkout! expected [true] but found [false]","trace":"java.lang.AssertionError: Cart is empty, cannot proceed to checkout! expected [true] but found [false]\r\n\tat org.testng.Assert.fail(Assert.java:111)\r\n\tat org.testng.Assert.failNotEquals(Assert.java:1590)\r\n\tat org.testng.Assert.assertTrue(Assert.java:57)\r\n\tat stepDefinations.ShoppingCartSteps.i_have_items_in_my_shopping_cart(ShoppingCartSteps.java:65)\r\n\tat ✽.I have items in my shopping cart(file:///C:/Users/ADITYA/eclipse-workspace/Capstone_Project/./src/test/resources/features/Shopping.feature:16)\r\n"},"stage":"finished","steps":[{"name":"Given I have items in my shopping cart","status":"failed","statusDetails":{"known":false,"muted":false,"flaky":false,"message":"Cart is empty, cannot proceed to checkout! expected [true] but found [false]","trace":"java.lang.AssertionError: Cart is empty, cannot proceed to checkout! expected [true] but found [false]\r\n\tat org.testng.Assert.fail(Assert.java:111)\r\n\tat org.testng.Assert.failNotEquals(Assert.java:1590)\r\n\tat org.testng.Assert.assertTrue(Assert.java:57)\r\n\tat stepDefinations.ShoppingCartSteps.i_have_items_in_my_shopping_cart(ShoppingCartSteps.java:65)\r\n\tat ✽.I have items in my shopping cart(file:///C:/Users/ADITYA/eclipse-workspace/Capstone_Project/./src/test/resources/features/Shopping.feature:16)\r\n"},"stage":"finished","steps":[],"attachments":[],"parameters":[],"start":1742272646036,"stop":1742272656357},{"name":"When I proceed to checkout","status":"skipped","statusDetails":{"known":false,"muted":false,"flaky":false},"stage":"finished","steps":[],"attachments":[],"parameters":[],"start":1742272656357,"stop":1742272656357},{"name":"Then I should be redirected to the checkout page","status":"skipped","statusDetails":{"known":false,"muted":false,"flaky":false},"stage":"finished","steps":[],"attachments":[],"parameters":[],"start":1742272656357,"stop":1742272656357}],"attachments":[],"parameters":[],"start":1742272645744,"stop":1742272656360}