{"uuid":"715899a1-5056-4367-9a43-4fdcdc222e28","historyId":"788291d7c37442170be43f65a08d6a87","testCaseId":"cdd8b18d94496a05f99d91a4c7d231b0","fullName":"./src/test/resources/features/Shopping.feature:10","labels":[{"name":"tag","value":"shoppingpage"},{"name":"host","value":"DESKTOP-PKBVHAB"},{"name":"thread","value":"7564@DESKTOP-PKBVHAB.main(1)"},{"name":"feature","value":"Shopping Cart Functionality"},{"name":"story","value":"Remove an item from the shopping cart"},{"name":"suite","value":"Shopping Cart Functionality"},{"name":"testClass","value":"Remove an item from the shopping cart"},{"name":"framework","value":"cucumber4jvm"},{"name":"language","value":"java"},{"name":"gherkin_uri","value":"file:///C:/Users/ADITYA/eclipse-workspace/Capstone_Project/./src/test/resources/features/Shopping.feature"},{"name":"package","value":"src.test.resources.features.Shopping_feature.Shopping Cart Functionality"}],"links":[],"name":"Remove an item from the shopping cart","status":"failed","statusDetails":{"known":false,"muted":false,"flaky":false,"message":"No items found in the cart before checkout! expected [true] but found [false]","trace":"java.lang.AssertionError: No items found in the cart before checkout! expected [true] but found [false]\r\n\tat org.testng.Assert.fail(Assert.java:111)\r\n\tat org.testng.Assert.failNotEquals(Assert.java:1590)\r\n\tat org.testng.Assert.assertTrue(Assert.java:57)\r\n\tat stepDefinations.ShoppingCartSteps.i_have_an_item_in_my_shopping_cart(ShoppingCartSteps.java:47)\r\n\tat ✽.I have an item in my shopping cart(file:///C:/Users/ADITYA/eclipse-workspace/Capstone_Project/./src/test/resources/features/Shopping.feature:11)\r\n"},"stage":"finished","steps":[{"name":"Given I have an item in my shopping cart","status":"failed","statusDetails":{"known":false,"muted":false,"flaky":false,"message":"No items found in the cart before checkout! expected [true] but found [false]","trace":"java.lang.AssertionError: No items found in the cart before checkout! expected [true] but found [false]\r\n\tat org.testng.Assert.fail(Assert.java:111)\r\n\tat org.testng.Assert.failNotEquals(Assert.java:1590)\r\n\tat org.testng.Assert.assertTrue(Assert.java:57)\r\n\tat stepDefinations.ShoppingCartSteps.i_have_an_item_in_my_shopping_cart(ShoppingCartSteps.java:47)\r\n\tat ✽.I have an item in my shopping cart(file:///C:/Users/ADITYA/eclipse-workspace/Capstone_Project/./src/test/resources/features/Shopping.feature:11)\r\n"},"stage":"finished","steps":[],"attachments":[],"parameters":[],"start":1742272635662,"stop":1742272645709},{"name":"When I remove the item from the cart","status":"skipped","statusDetails":{"known":false,"muted":false,"flaky":false},"stage":"finished","steps":[],"attachments":[],"parameters":[],"start":1742272645710,"stop":1742272645710},{"name":"Then the cart should be empty","status":"skipped","statusDetails":{"known":false,"muted":false,"flaky":false},"stage":"finished","steps":[],"attachments":[],"parameters":[],"start":1742272645710,"stop":1742272645710}],"attachments":[],"parameters":[],"start":1742272635390,"stop":1742272645714}