<?xml version="1.0" encoding="UTF-8"?>
<!-- Generated by org.testng.reporters.JUnitReportReporter -->
<testsuite hostname="DESKTOP-PKBVHAB" failures="2" tests="33" name="Runner.TestRunner" time="143.590" errors="1" timestamp="2025-03-21T14:04:16 IST" skipped="0">
  <testcase classname="Runner.TestRunner" name="runScenario" time="5.185"/>
  <testcase classname="Runner.TestRunner" name="runScenario" time="2.121"/>
  <testcase classname="Runner.TestRunner" name="runScenario" time="2.376"/>
  <testcase classname="Runner.TestRunner" name="runScenario" time="2.688"/>
  <testcase classname="Runner.TestRunner" name="runScenario" time="2.272"/>
  <testcase classname="Runner.TestRunner" name="runScenario" time="2.189"/>
  <testcase classname="Runner.TestRunner" name="runScenario" time="2.315"/>
  <testcase classname="Runner.TestRunner" name="runScenario" time="4.505"/>
  <testcase classname="Runner.TestRunner" name="runScenario" time="2.349"/>
  <testcase classname="Runner.TestRunner" name="runScenario" time="2.552"/>
  <testcase classname="Runner.TestRunner" name="runScenario" time="2.448"/>
  <testcase classname="Runner.TestRunner" name="runScenario" time="2.195"/>
  <testcase classname="Runner.TestRunner" name="runScenario" time="14.130">
    <failure message="expected [true] but found [false]" type="java.lang.AssertionError">
      <![CDATA[java.lang.AssertionError: expected [true] but found [false]
at org.testng.Assert.fail(Assert.java:111)
at org.testng.Assert.failNotEquals(Assert.java:1578)
at org.testng.Assert.assertTrue(Assert.java:57)
at org.testng.Assert.assertTrue(Assert.java:67)
at stepDefinations.LoginSteps.the_user_is_redirected_to_the_My_Courses_page(LoginSteps.java:36)
at ✽.the user is redirected to the My Courses page(file:///C:/Users/ADITYA/eclipse-workspace/Capstone_Project/./src/test/resources/features/RegistrationAndLogin.feature:28)
]]>
    </failure>
  </testcase> <!-- runScenario -->
  <testcase classname="Runner.TestRunner" name="runScenario" time="2.752"/>
  <testcase classname="Runner.TestRunner" name="runScenario" time="3.757"/>
  <testcase classname="Runner.TestRunner" name="runScenario" time="2.979"/>
  <testcase classname="Runner.TestRunner" name="runScenario" time="2.552"/>
  <testcase classname="Runner.TestRunner" name="runScenario" time="2.857"/>
  <testcase classname="Runner.TestRunner" name="runScenario" time="4.542"/>
  <testcase classname="Runner.TestRunner" name="runScenario" time="2.271"/>
  <testcase classname="Runner.TestRunner" name="runScenario" time="2.516"/>
  <testcase classname="Runner.TestRunner" name="runScenario" time="2.391"/>
  <testcase classname="Runner.TestRunner" name="runScenario" time="3.227"/>
  <testcase classname="Runner.TestRunner" name="runScenario" time="5.097"/>
  <testcase classname="Runner.TestRunner" name="runScenario" time="6.417"/>
  <testcase classname="Runner.TestRunner" name="runScenario" time="5.482">
    <failure message="Registration page is not displayed expected [true] but found [false]" type="java.lang.AssertionError">
      <![CDATA[java.lang.AssertionError: Registration page is not displayed expected [true] but found [false]
at org.testng.Assert.fail(Assert.java:111)
at org.testng.Assert.failNotEquals(Assert.java:1578)
at org.testng.Assert.assertTrue(Assert.java:57)
at stepDefinations.RegistratioSteps.the_registration_page_is_displayed_on_the_screen(RegistratioSteps.java:41)
at ✽.the registration page is displayed on the screen(file:///C:/Users/ADITYA/eclipse-workspace/Capstone_Project/./src/test/resources/features/RegistrationAndLogin.feature:12)
]]>
    </failure>
  </testcase> <!-- runScenario -->
  <testcase classname="Runner.TestRunner" name="runScenario" time="6.189"/>
  <testcase classname="Runner.TestRunner" name="runScenario" time="6.469"/>
  <testcase classname="Runner.TestRunner" name="runScenario" time="2.424"/>
  <testcase classname="Runner.TestRunner" name="runScenario" time="14.494">
    <error message="stale element reference: stale element not found
  (Session info: chrome=134.0.6998.89)
For documentation on this error, please visit: https://www.selenium.dev/documentation/webdriver/troubleshooting/errors#stale-element-reference-exception
Build info: version: &#039;4.19.1&#039;, revision: &#039;abe0ee07dc&#039;
System info: os.name: &#039;Windows 11&#039;, os.arch: &#039;amd64&#039;, os.version: &#039;10.0&#039;, java.version: &#039;23.0.1&#039;
Driver info: org.openqa.selenium.chrome.ChromeDriver
Command: [81ab2c5523747bd871553f9472bffcfe, clickElement {id=f.E3770F255B124B8AA3CB9A1C8267A7B2.d.894D13D2D76C574D011323989E5D05AD.e.86}]
Capabilities {acceptInsecureCerts: false, browserName: chrome, browserVersion: 134.0.6998.89, chrome: {chromedriverVersion: 134.0.6998.90 (219ee74681fc..., userDataDir: C:\Users\ADITYA\AppData\Loc...}, fedcm:accounts: true, goog:chromeOptions: {debuggerAddress: localhost:64699}, networkConnectionEnabled: false, pageLoadStrategy: normal, platformName: windows, proxy: Proxy(), se:cdp: ws://localhost:64699/devtoo..., se:cdpVersion: 134.0.6998.89, setWindowRect: true, strictFileInteractability: false, timeouts: {implicit: 0, pageLoad: 300000, script: 30000}, unhandledPromptBehavior: dismiss and notify, webauthn:extension:credBlob: true, webauthn:extension:largeBlob: true, webauthn:extension:minPinLength: true, webauthn:extension:prf: true, webauthn:virtualAuthenticators: true}
Element: [[ChromeDriver: chrome on windows (81ab2c5523747bd871553f9472bffcfe)] -&gt; xpath: //button[@type=&#039;submit&#039;]]
Session ID: 81ab2c5523747bd871553f9472bffcfe" type="org.openqa.selenium.StaleElementReferenceException">
      <![CDATA[org.openqa.selenium.StaleElementReferenceException: stale element reference: stale element not found
  (Session info: chrome=134.0.6998.89)
For documentation on this error, please visit: https://www.selenium.dev/documentation/webdriver/troubleshooting/errors#stale-element-reference-exception
Build info: version: '4.19.1', revision: 'abe0ee07dc'
System info: os.name: 'Windows 11', os.arch: 'amd64', os.version: '10.0', java.version: '23.0.1'
Driver info: org.openqa.selenium.chrome.ChromeDriver
Command: [81ab2c5523747bd871553f9472bffcfe, clickElement {id=f.E3770F255B124B8AA3CB9A1C8267A7B2.d.894D13D2D76C574D011323989E5D05AD.e.86}]
Capabilities {acceptInsecureCerts: false, browserName: chrome, browserVersion: 134.0.6998.89, chrome: {chromedriverVersion: 134.0.6998.90 (219ee74681fc..., userDataDir: C:\Users\ADITYA\AppData\Loc...}, fedcm:accounts: true, goog:chromeOptions: {debuggerAddress: localhost:64699}, networkConnectionEnabled: false, pageLoadStrategy: normal, platformName: windows, proxy: Proxy(), se:cdp: ws://localhost:64699/devtoo..., se:cdpVersion: 134.0.6998.89, setWindowRect: true, strictFileInteractability: false, timeouts: {implicit: 0, pageLoad: 300000, script: 30000}, unhandledPromptBehavior: dismiss and notify, webauthn:extension:credBlob: true, webauthn:extension:largeBlob: true, webauthn:extension:minPinLength: true, webauthn:extension:prf: true, webauthn:virtualAuthenticators: true}
Element: [[ChromeDriver: chrome on windows (81ab2c5523747bd871553f9472bffcfe)] -> xpath: //button[@type='submit']]
Session ID: 81ab2c5523747bd871553f9472bffcfe
at java.base/jdk.internal.reflect.DirectConstructorHandleAccessor.newInstance(DirectConstructorHandleAccessor.java:62)
at java.base/java.lang.reflect.Constructor.newInstanceWithCaller(Constructor.java:501)
at java.base/java.lang.reflect.Constructor.newInstance(Constructor.java:485)
at org.openqa.selenium.remote.ErrorCodec.decode(ErrorCodec.java:167)
at org.openqa.selenium.remote.codec.w3c.W3CHttpResponseCodec.decode(W3CHttpResponseCodec.java:138)
at org.openqa.selenium.remote.codec.w3c.W3CHttpResponseCodec.decode(W3CHttpResponseCodec.java:50)
at org.openqa.selenium.remote.HttpCommandExecutor.execute(HttpCommandExecutor.java:190)
at org.openqa.selenium.remote.service.DriverCommandExecutor.invokeExecute(DriverCommandExecutor.java:216)
at org.openqa.selenium.remote.service.DriverCommandExecutor.execute(DriverCommandExecutor.java:174)
at org.openqa.selenium.remote.RemoteWebDriver.execute(RemoteWebDriver.java:518)
at org.openqa.selenium.remote.RemoteWebElement.execute(RemoteWebElement.java:223)
at org.openqa.selenium.remote.RemoteWebElement.click(RemoteWebElement.java:76)
at pages.AllCoursesPage.clickOnsearchButton(AllCoursesPage.java:68)
at stepDefinations.AllCoursesStepDef.clicks_on_the_search_button(AllCoursesStepDef.java:31)
at ✽.clicks on the search button(file:///C:/Users/ADITYA/eclipse-workspace/Capstone_Project/./src/test/resources/features/ALLCourses.feature:8)
]]>
    </error>
  </testcase> <!-- runScenario -->
  <testcase classname="Runner.TestRunner" name="runScenario" time="11.426"/>
  <testcase classname="Runner.TestRunner" name="runScenario" time="5.774"/>
  <testcase classname="Runner.TestRunner" name="runScenario" time="2.649"/>
</testsuite> <!-- Runner.TestRunner -->
